2019-01-10 22:00:17 INFO     b'\x00\xfa\x00\xfa\x00\xfa\x00\xf5\x06U\x00'
2019-01-10 22:00:18 INFO     b'\x02C+5\x06\x03\x00\xf9\x06\x03\x00\xfa\x00\xf9\x06\xff\x00'
2019-01-10 22:00:18 INFO     b'\x00\xf5\x06\x03\x00\xf1\x06\xa1\x00'
2019-01-10 22:00:18 INFO     b'\x01I\xe3\x06\x03\x00\xf5\x06U\x00'
2019-01-10 22:00:18 INFO     b'\x02C+5\x06\x03\x00\xf9\x06\x03\x00\xfa\x00\xf9\x06\xff\x00'
2019-01-10 22:00:18 INFO     b'\x00\xf5\x06\x03\x00\xf1\x06\xa1\x00'
2019-01-10 22:00:19 INFO     b'\x01I\xe3\x06\x03\x00\xf9\x06\x03A\xc9\x06q\x00'
2019-01-10 22:00:19 INFO     b'\x01\x00z\x05\x06qA\xc9\x10\x02\x00\x00\xd3\x05\x00\x00\xe2y\x14\x01'
2019-01-10 22:00:19 INFO     b'\x07\x002\xec`\x06\x03A\xc9\x06e\x00'
2019-01-10 22:00:19 INFO     b'\x01\x00n\x05\x06eA\xc9\x13\x16\x00\xda\xff\xf9\xff)\x01w\x02\x00\x88\x0b"\x01\x80o\x01 \xf8\x06\x03A\xc9\x06r\x00'
2019-01-10 22:00:19 INFO     b'\x02\x05\x11n\x05\x06rA\xc9\x01\x0c\xf7\x06\x03\x00\xf9\x06\x03\x00\xf9\x06\x03\x00\xf9\x06\x03\x00\xf9\x06P\x00'
2019-01-10 22:00:20 INFO     b'\x03\xa0\x00\x88q\x06\x03\x00\xfa\x00\xfa\x00\xf5\x06U\x00'
2019-01-10 22:00:20 INFO     b'\x02C+5\x06\x03\x00\xf9\x06\x03\x00\xfa\x00\xf9\x06\xff\x00'
2019-01-10 22:00:21 INFO     b'\x00\xf5\x06\x03\x00\xf1\x06\xa1\x00'
2019-01-10 22:00:21 INFO     b'\x01I\xe3\x06\x03\x00\xf9\x06Q\x00'
2019-01-10 22:00:21 INFO     b'\x0e 52.5(54.2)\xb0C\x00\x86\x06\x03\x00\xf9\x06\x03\x00\xf9\x06S\x00'
2019-01-10 22:00:21 INFO     b'\x151.0            23:02\x00Z\x06\x03\x00\xf9\x06R\x00'
2019-01-10 22:00:23 INFO     b'\x12Brauchwassertemp.\x00F\x06\x03\x00\xfa\x00\xfa\x00\xfa\x00\xfa\x00\xf5\x06U\x00'
2019-01-10 22:00:24 INFO     b'\x02C+5\x06\x03\x00\xf9\x06\x03\x00\xfa\x00\xf9\x06\xff\x00'
2019-01-10 22:00:24 INFO     b'\x00\xf5\x06\x03\x00\xf1\x06\xa1\x00'
2019-01-10 22:00:24 INFO     b'\x01J\xe0\x06\x03\x00\xf9\x06\x03A\xc9\x06q\x00'
2019-01-10 22:00:24 INFO     b'\x01\x00z\x05\x06qA\xc9\x10\x02\x00\x00\xd3\x05\x00\x00\xe2y\x14\x01'
2019-01-10 22:00:24 INFO     b'\x07\x002\xec`\x06\x03A\xc9\x06e\x00'
2019-01-10 22:00:24 INFO     b'\x01\x00n\x05\x06eA\xc9\x13\x16\x00\xda\xff\xf9\xff+\x01w\x02\x00\x88\x0b"\x01\x80o\x01 \xfa\x06\x03A\xc9\x06r\x00'
2019-01-10 22:00:24 INFO     b'\x02\x05\x11n\x05\x06rA\xc9\x01\x0c\xf7\x06\x03\x00\xf9\x06\x03\x00\xf9\x06\x03\x00\xf9\x06\x03\x00\xf9\x06P\x00'
2019-01-10 22:00:25 INFO     b'\x03\xa0\x00\x88q\x06\x03\x00\xfa\x00\xfa\x00\xf5\x05\x06E\x00\xf5\x01\x01\xb0\x06\x03\x00\xf5\x06U\x00'
2019-01-10 22:00:26 INFO     b'\x02C+5\x06\x03\x00\xf9\x06\x03\x00\xfa\x00\xf9\x06\xff\x00'
2019-01-10 22:00:26 INFO     b'\x00\xf5\x06\x03\x00\xf1\x06\xa1\x00'
2019-01-10 22:00:26 INFO     b'\x01J\xe0\x06\x03\x00\xf9\x06Q\x00'
2019-01-10 22:00:26 INFO     b'\x0e 52.5(54.2)\xb0C\x00\x86\x06\x03\x00\xf9\x06\x03\x00\xf9\x06S\x00'
2019-01-10 22:00:26 INFO     b'\x151.0            23:02\x00Z\x06\x03\x00\xf9\x06R\x00'
2019-01-10 22:00:28 INFO     b'\x12Brauchwassertemp.\x00F\x06\x03\x00\xfa\x00\xfa\x00\xfa\x00\xfa\x00\xf5\x06U\x00'
2019-01-10 22:00:29 INFO     b'\x02C+5\x06\x03\x00\xf9\x05\x06@\x00\xf9\x04\x01\xa0\x00\x00\x1c\x06\x03\x00\xf9\x06\x03\x00\xfa\x00\xf9\x06\xff\x00'
2019-01-10 22:00:29 INFO     b'\x00\xf5\x06\x03\x00\xf1\x06\xa1\x00'
2019-01-10 22:00:29 INFO     b'\x01J\xe0\x06\x03\x00\xf9\x06Q\x00'
2019-01-10 22:00:29 INFO     b'\x0e 37.1(34.9)\xb0C\x00\x8c\x06\x03\x00\xf9\x06\x03\x00\xf9\x06S\x00'
2019-01-10 22:00:29 INFO     b'\x152.0            23:02\x00Y\x06\x03\x00\xf9\x06R\x00'
2019-01-10 22:00:29 INFO     b'\rVorlauftemp.\x00"\x06\x03\x00\xf9\x063\x00'
2019-01-10 22:00:29 INFO     b'\x009\x06\x03\x00\xf9\x06\xd4\x00'
2019-01-10 22:00:29 INFO     b"\x00\xde\x05\x06\xd4\x00\xf9\x07\x19\x01\x10#\x03$\x01'\x06\x03\x00\xf9\x06\x03A\xc9\x06q\x00"
2019-01-10 22:00:29 INFO     b'\x01\x00z\x05\x06qA\xc9\x10\x02\x00\x00\xd3\x05\x00\x00\xe2y\x14\x01'
2019-01-10 22:00:29 INFO     b'\x07\x002\xec`\x06\x03A\xc9\x06e\x00'
2019-01-10 22:00:29 INFO     b'\x01\x00n\x05\x06eA\xc9\x13\x16\x00\xda\xff\xf9\xff-\x01y\x02\x00\x88\x0b"\x01\x80o\x01 \xf2\x06\x03A\xc9\x06r\x00'
2019-01-10 22:00:29 INFO     b'\x02\x05\x11n\x05\x06rA\xc9\x01\x0c\xf7\x06\x03\x00\xf9\x06\x03\x00\xf9\x06\x03\x00\xf9\x06\x03\x00\xf9\x06P\x00'
2019-01-10 22:00:30 INFO     b'\x03\xa0\x00\x88q\x06\x03\x00\xfa\x00\xfa\x00\xf5\x06U\x00'
2019-01-10 22:00:31 INFO     b'\x02C+5\x06\x03\x00\xf9\x06\x03\x00\xfa\x00\xf9\x06\xff\x00'
2019-01-10 22:00:31 INFO     b'\x00\xf5\x06\x03A\xc9\x06\xc5\x00'
2019-01-10 22:00:31 INFO     b'\x00\xcf\x06\x03\x00\xf1\x06\xa1\x00'
2019-01-10 22:00:31 INFO     b'\x01J\xe0\x06\x03\x00\xf9\x06Q\x00'
2019-01-10 22:00:31 INFO     b'\x0e 37.1(34.9)\xb0C\x00\x8c\x06\x03\x00\xf9\x06\x03\x00\xf9\x06S\x00'
2019-01-10 22:00:31 INFO     b'\x152.0            23:03\x00X\x06\x03\x00\xf9\x06R\x00'
2019-01-10 22:00:34 INFO     b'\rVorlauftemp.\x00"\x06\x03\x00\xfa\x00\xfa\x00\xfa\x00\xfa\x00\xfa\x00\xf5\x06U\x00'
2019-01-10 22:00:35 INFO     b'\x02C+5\x06\x03\x00\xf9\x06\x03\x00\xfa\x00\xf9\x06\xff\x00'
2019-01-10 22:00:35 INFO     b'\x00\xf5\x06\x03\x00\xf1\x06\xa1\x00'
2019-01-10 22:00:35 INFO     b'\x01J\xe0\x06\x03\x00\xf9\x06\x03A\xc9\x06q\x00'
2019-01-10 22:00:35 INFO     b'\x01\x00z\x05\x06qA\xc9\x10\x02\x00\x00\xd3\x05\x00\x00\xe2y\x14\x01'
2019-01-10 22:00:35 INFO     b'\x07\x002\xec`\x06\x03A\xc9\x06e\x00'
2019-01-10 22:00:35 INFO     b'\x01\x00n\x05\x06eA\xc9\x13\x16\x00\xda\xff\xf7\xff-\x01y\x02\x00\x88\x0b"\x01\x80q\x01 \xe2\x06\x03A\xc9\x06r\x00'
2019-01-10 22:00:35 INFO     b'\x02\x05\x11n\x05\x06rA\xc9\x01\x0b\xf0\x06\x03\x00\xf9\x06\x03\x00\xf9\x06\x03\x00\xf9\x06\x03\x00\xf9\x06P\x00'
2019-01-10 22:00:36 INFO     b'\x03\xa0\x00\x88q\x06\x03\x00\xfa\x00\xfa\x00\xf5\x06U\x00'
2019-01-10 22:00:37 INFO     b'\x02C+5\x06\x03\x00\xf9\x06\x03\x00\xfa\x00\xf9\x06\xff\x00'
2019-01-10 22:00:37 INFO     b'\x00\xf5\x06\x03\x00\xf1\x06\xa1\x00'
2019-01-10 22:00:37 INFO     b'\x01J\xe0\x06\x03\x00\xf9\x06Q\x00'
2019-01-10 22:00:37 INFO     b'\x0e 37.2(34.9)\xb0C\x00\x8f\x06\x03\x00\xf9\x06\x03\x00\xf9\x06S\x00'
2019-01-10 22:00:37 INFO     b'\x152.0            23:03\x00X\x06\x03\x00\xf9\x06R\x00'
2019-01-10 22:00:39 INFO     b'\rVorlauftemp.\x00"\x06\x03\x00\xfa\x00\xfa\x00\xfa\x00\xfa\x00\xf5\x06U\x00'
2019-01-10 22:00:40 INFO     b'\x02C+5\x06\x03\x00\xf9\x06\x03\x00\xfa\x00\xf9\x06\xff\x00'
2019-01-10 22:00:40 INFO     b'\x00\xf5\x06\x03\x00\xf1\x06\xa1\x00'
2019-01-10 22:00:40 INFO     b'\x01J\xe0\x06\x03\x00\xf9\x06\x03A\xc9\x06q\x00'
2019-01-10 22:00:40 INFO     b'\x01\x00z\x05\x06qA\xc9\x10\x02\x00\x00\xd3\x05\x00\x00\xe2y\x14\x01'
2019-01-10 22:00:40 INFO     b'\x07\x002\xec`\x06\x03A\xc9\x06e\x00'
2019-01-10 22:00:40 INFO     b'\x01\x00n\x05\x06eA\xc9\x13\x16\x00\xda\xff\xf6\xff.\x01y\x02\x00\x88\x0b"\x01\x80q\x01 \xe0\x06\x03A\xc9\x06r\x00'
2019-01-10 22:00:40 INFO     b'\x02\x05\x11n\x05\x06rA\xc9\x01\x0b\xf0\x06\x03\x00\xf9\x06\x03\x00\xf9\x06\x03\x00\xf9\x06\x03\x00\xf9\x06P\x00'
2019-01-10 22:00:41 INFO     b'\x03\xa0\x00\x88q\x06\x03\x00\xfa\x00\xfa\x00\xf5\x06U\x00'
2019-01-10 22:00:42 INFO     b'\x02C+5\x06\x03\x00\xf9\x06\x03\x00\xfa\x00\xf9\x06\xff\x00'
2019-01-10 22:00:42 INFO     b'\x00\xf5\x06\x03\x00\xf1\x06\xa1\x00'
2019-01-10 22:00:42 INFO     b'\x01J\xe0\x06\x03\x00\xf9\x06Q\x00'
2019-01-10 22:00:42 INFO     b'\x0e 37.2(34.9)\xb0C\x00\x8f\x06\x03\x00\xf9\x05\x06@\x00\xf9\x04\x01\xa0\x00\x00\x1c\x06\x03\x00\xf9\x06\x03\x00\xf9\x063\x00'
2019-01-10 22:00:44 INFO     b'\x009\x06\x03\x00\xfa\x00\xfa\x00\xfa\x00\xfa\x00\xf5\x06U\x00'
2019-01-10 22:00:45 INFO     b'\x02C+5\x06\x03\x00\xf9\x06\x03\x00\xfa\x00\xf9\x06\xff\x00'
2019-01-10 22:00:45 INFO     b'\x00\xf5\x06\x03\x00\xf1\x06\xa1\x00'
2019-01-10 22:00:45 INFO     b'\x01J\xe0\x06\x03\x00\xf9\x06Q\x00'
2019-01-10 22:00:45 INFO     b'\x0b     1.3\xb0C\x00\xaf\x06\x03\x00\xf9\x06\x03\x00\xf9\x06S\x00'
2019-01-10 22:00:45 INFO     b'\x154.0            23:03\x00^\x06\x03\x00\xf9\x06R\x00'
2019-01-10 22:00:45 INFO     b'\x10Au\xdfentemperatur\x00\xa1\x06\x03\x00\xf9\x06\x03A\xc9\x06q\x00'
2019-01-10 22:00:45 INFO     b'\x01\x00z\x05\x06qA\xc9\x10\x02\x00\x00\xd3\x05\x00\x00\xe2y\x14\x01'
2019-01-10 22:00:46 INFO     b'\x07\x002\xec`\x06\x03A\xc9\x06e\x00'
2019-01-10 22:00:46 INFO     b'\x01\x00n\x05\x06eA\xc9\x13\x16\x00\xda\xff\xf6\xff.\x01y\x02\x00\x88\x0b"\x01\x80r\x01 \xe3\x06\x03A\xc9\x06r\x00'
2019-01-10 22:00:46 INFO     b'\x02\x05\x11n\x05\x06rA\xc9\x01\x0b\xf0\x06\x03\x00\xf9\x06\x03\x00\xf9\x06\x03\x00\xf9\x06\x03\x00\xf9\x06P\x00'
2019-01-10 22:00:47 INFO     b'\x03\xa0\x00\x88q\x06\x03\x00\xfa\x00\xfa\x00\xf5\x06U\x00'
2019-01-10 22:00:47 INFO     b'\x02C+5\x06\x03\x00\xf9\x06\x03\x00\xfa\x00\xf9\x06\xff\x00'
2019-01-10 22:00:47 INFO     b'\x00\xf5\x06\x03\x00\xf1\x06\xa1\x00'
2019-01-10 22:00:47 INFO     b'\x01J\xe0\x06\x03\x00\xf9\x06Q\x00'
2019-01-10 22:00:47 INFO     b'\x0b     1.2\xb0C\x00\xae\x06\x03\x00\xf9\x06\x03\x00\xf9\x06S\x00'
2019-01-10 22:00:47 INFO     b'\x154.0            23:03\x00^\x06\x03\x00\xf9\x06R\x00'
2019-01-10 22:00:50 INFO     b'\x10Au\xdfentemperatur\x00\xa1\x06\x03\x00\xfa\x00\xfa\x00\xfa\x00\xfa\x00\xf5\x05\x06E\x00\xf5\x01\x01\xb0\x06\x03\x00\xf5\x06U\x00'
2019-01-10 22:00:50 INFO     b'\x02C+5\x06\x03\x00\xf9\x06\x03\x00\xfa\x00\xf9\x06\xff\x00'
2019-01-10 22:00:50 INFO     b'\x00\xf5\x06\x03\x00\xf1\x06\xa1\x00'
2019-01-10 22:00:50 INFO     b'\x01J\xe0\x06\x03\x00\xf5\x06U\x00'
2019-01-10 22:00:51 INFO     b'\x02C+5\x06\x03\x00\xf9\x06\x03\x00\xfa\x00\xf9\x06\xff\x00'
2019-01-10 22:00:51 INFO     b'\x00\xf5\x06\x03\x00\xf1\x06\xa1\x00'
2019-01-10 22:00:51 INFO     b'\x01J\xe0\x06\x03\x00\xf9\x05\x06@\x00\xf9\x04\x01\xa0\x00\x00\x1c\x06\x03\x00\xf9\x06\x03\x00\xf9\x06Q\x00'
2019-01-10 22:00:52 INFO     b'\x01\x00Z\x06\x03\x00\xf9\x06\x03\x00\xf9\x06S\x00'
2019-01-10 22:00:52 INFO     b'\x155.0            23:03\x00_\x06\x03\x00\xf9\x06R\x00'
2019-01-10 22:00:52 INFO     b'\x0bW\xe4rmepumpe\x00\xe7\x06\x03\x00\xf9\x063\x00'
2019-01-10 22:00:52 INFO     b'\x009\x06\x03A\xc9\x06q\x00'
2019-01-10 22:00:52 INFO     b'\x01\x00z\x05\x06qA\xc9\x10\x02\x00\x00\xd3\x05\x00\x00\xe2y\x14\x01'
2019-01-10 22:00:52 INFO     b'\x07\x002\xec`\x06\x03A\xc9\x06e\x00'
2019-01-10 22:00:52 INFO     b'\x01\x00n\x05\x06eA\xc9\x13\x16\x00\xda\xff\xf6\xff.\x01y\x02\x00\x88\x0b"\x01\x80r\x01 \xe3\x06\x03A\xc9\x06r\x00'
2019-01-10 22:00:52 INFO     b'\x02\x05\x11n\x05\x06rA\xc9\x01\x0b\xf0\x06\x03\x00\xf9\x06\x03\x00\xf9\x06\x03\x00\xf9\x06\x03\x00\xf9\x06P\x00'
2019-01-10 22:00:53 INFO     b'\x03\xa0\x00\x88q\x06\x03\x00\xfa\x00\xfa\x00\xf5\x06U\x00'
2019-01-10 22:00:54 INFO     b'\x02C+5\x06\x03\x00\xf9\x06\x03\x00\xfa\x00\xf9\x06\xff\x00'
2019-01-10 22:00:54 INFO     b'\x00\xf5\x06\x03\x00\xf1\x06\xa1\x00'
2019-01-10 22:00:54 INFO     b'\x01J\xe0\x06\x03\x00\xf9\x06Q\x00'
2019-01-10 22:00:54 INFO     b'\x01\x00Z\x06\x03\x00\xf9\x06\x03\x00\xf9\x06S\x00'
2019-01-10 22:00:54 INFO     b'\x155.0            23:03\x00_\x06\x03\x00\xf9\x06R\x00'
2019-01-10 22:00:56 INFO     b'\x0bW\xe4rmepumpe\x00\xe7\x06\x03\x00\xfa\x00\xfa\x00\xfa\x00\xfa\x00\xf9\x06\x03A\xc9\x06q\x00'
2019-01-10 22:00:56 INFO     b'\x01\x00z\x05\x06qA\xc9\x10\x02\x00\x00\xd3\x05\x00\x00\xe2y\x14\x01'
2019-01-10 22:00:56 INFO     b'\x07\x002\xec`\x06\x03A\xc9\x06e\x00'
2019-01-10 22:00:56 INFO     b'\x01\x00n\x05\x06eA\xc9\x13\x16\x00\xda\xff\xf5\xff.\x01y\x02\x00\x88\x0b"\x01\x80r\x01 \xe0\x06\x03A\xc9\x06r\x00'
2019-01-10 22:00:56 INFO     b'\x02\x05\x11n\x05\x06rA\xc9\x01\x0b\xf0\x06\x03\x00\xf9\x06\x03\x00\xf9\x06\x03\x00\xf9\x06\x03\x00\xf9\x06P\x00'
2019-01-10 22:00:57 INFO     b'\x03\xa0\x00\x88q\x06\x03\x00\xfa\x00\xfa\x00\xf5\x06U\x00'
2019-01-10 22:00:58 INFO     b'\x02C+5\x06\x03\x00\xf9\x06\x03\x00\xfa\x00\xf9\x05\x06@\x00\xf9\x04\x04\xa0\x00\x00\x19\x06\x03\x00\xf9\x06\xff\x00'
2019-01-10 22:00:58 INFO     b'\x00\xf5\x06\x03\x00\xf1\x06\xa1\x00'
2019-01-10 22:00:58 INFO     b'\x01J\xe0\x06\x03A\xc9\x06\xee\x00'
2019-01-10 22:00:58 INFO     b'\x00\xe4\x05\x06\xeeA\xc9\x02\x01,I\x06\x03\x00\xf9\x06Q\x00'
2019-01-10 22:00:58 INFO     b'\x07Normal\x00o\x06\x03\x00\xf9\x06\x03\x00\xf9\x06S\x00'
2019-01-10 22:00:58 INFO     b'\x155.2            23:03\x00]\x06\x03\x00\xf9\x06R\x00'
2019-01-10 22:00:58 INFO     b'\x15WP-Betriebsstatus  #\x00l\x06\x03\x00\xf9\x063\x00'
2019-01-10 22:01:01 INFO     b'\x009\x06\x03\x00\xfa\x00\xfa\x00\xfa\x00\xfa\x00\xf5\x06U\x00'
2019-01-10 22:01:01 INFO     b'\x02C+5\x06\x03\x00\xf9\x06\x03\x00\xfa\x00\xf9\x06\xff\x00'
2019-01-10 22:01:01 INFO     b'\x00\xf5\x06\x03\x00\xf1\x06\xa1\x00'
2019-01-10 22:01:01 INFO     b'\x01J\xe0\x06\x03\x00\xf5\x06U\x00'
2019-01-10 22:01:02 INFO     b'\x02C+5\x06\x03\x00\xf9\x06\x03\x00\xfa\x00\xf9\x06\xff\x00'
2019-01-10 22:01:02 INFO     b'\x00\xf5\x06\x03\x00\xf1\x06\xa1\x00'
2019-01-10 22:01:02 INFO     b'\x01J\xe0\x06\x03\x00\xf9\x06\x03A\xc9\x06q\x00'
2019-01-10 22:01:02 INFO     b'\x01\x00z\x05\x06qA\xc9\x10\x02\x00\x00\xd3\x05\x00\x00\xe2y\x14\x01'
2019-01-10 22:01:02 INFO     b'\x07\x002\xec`\x06\x03A\xc9\x06e\x00'
2019-01-10 22:01:02 INFO     b'\x01\x00n\x05\x06eA\xc9\x13\x16\x00\xda\xff\xf4\xff.\x01y\x02\x00\x88\x0b$\x01\x80r\x01 \xe7\x06\x03A\xc9\x06r\x00'
2019-01-10 22:01:02 INFO     b'\x02\x05\x11n\x05\x06rA\xc9\x01\x0b\xf0\x06\x03\x00\xf9\x06\x03\x00\xf9\x06\x03\x00\xf9\x06\x03\x00\xf9\x06P\x00'
2019-01-10 22:01:03 INFO     b'\x03\xa0\x00\x88q\x06\x03\x00\xfa\x00\xfa\x00\xf5\x06U\x00'
2019-01-10 22:01:04 INFO     b'\x02C+5\x06\x03\x00\xf9\x06\x03\x00\xfa\x00\xf9\x06\xff\x00'
2019-01-10 22:01:04 INFO     b'\x00\xf5\x06\x03\x00\xf1\x06\xa1\x00'
2019-01-10 22:01:04 INFO     b'\x01J\xe0\x06\x03\x00\xf9\x06Q\x00'
2019-01-10 22:01:04 INFO     b'\x07Normal\x00o\x06\x03\x00\xf9\x06\x03\x00\xf9\x06S\x00'
2019-01-10 22:01:04 INFO     b'\x155.2            23:03\x00]\x06\x03\x00\xf9\x06R\x00'
2019-01-10 22:01:06 INFO     b'\x15WP-Betriebsstatus  #\x00l\x06\x03\x00\xfa\x00\xfa\x00\xfa\x00\xfa\x00\xf5\x06U\x00'
2019-01-10 22:01:07 INFO     b'\x02C+5\x06\x03\x00\xf9\x05\x06@\x00\xf9\x04\x04\xa0\x00\x00\x19\x06\x03\x00\xf9\x06\x03\x00\xfa\x00\xf9\x06\xff\x00'
2019-01-10 22:01:07 INFO     b'\x00\xf5\x06\x03\x00\xf1\x06\xa1\x00'
2019-01-10 22:01:07 INFO     b'\x01J\xe0\x06\x03\x00\xf9\x06Q\x00'
2019-01-10 22:01:07 INFO     b'\x07Normal\x00o\x06\x03\x00\xf9\x06\x03\x00\xf9\x06S\x00'
2019-01-10 22:01:07 INFO     b'\x155.2            23:03\x00]\x06\x03\x00\xf9\x06R\x00'
2019-01-10 22:01:07 INFO     b'\x15WP-Betriebsstatus  #\x00l\x06\x03\x00\xf9\x063\x00'
2019-01-10 22:01:07 INFO     b'\x009\x06\x03\x00\xf9\x06\x03A\xc9\x06q\x00'
2019-01-10 22:01:07 INFO     b'\x01\x00z\x05\x06qA\xc9\x10\x02\x00\x00\xd3\x05\x00\x00\xe2y\x14\x01'
2019-01-10 22:01:07 INFO     b'\x07\x002\xec`\x06\x03A\xc9\x06e\x00'
2019-01-10 22:01:08 INFO     b'\x01\x00n\x05\x06eA\xc9\x13\x16\x00\xda\xff\xf2\xff.\x01y\x02\x00\x88\x0b%\x01\x80r\x01 \xe0\x06\x03A\xc9\x06r\x00'
2019-01-10 22:01:08 INFO     b'\x02\x05\x11n\x05\x06rA\xc9\x01\x0b\xf0\x06\x03\x00\xf9\x06\x03\x00\xf9\x06\x03\x00\xf9\x06\x03\x00\xf9\x06P\x00'
2019-01-10 22:01:09 INFO     b'\x03\xa0\x00\x88q\x06\x03\x00\xfa\x00\xfa\x00\xf5\x06U\x00'
2019-01-10 22:01:09 INFO     b'\x02C+5\x06\x03\x00\xf9\x06\x03\x00\xfa\x00\xf9\x05\x06@\x00\xf9\x04 \xa0\x00\x00=\x06\x03\x00\xf9\x06\xff\x00'
2019-01-10 22:01:09 INFO     b'\x00\xf5\x06\x03\x00\xf1\x06\xa1\x00'
2019-01-10 22:01:09 INFO     b'\x01J\xe0\x06\x03\x00\xf9\x06Q\x00'
2019-01-10 22:01:09 INFO     b'\x0e 52.5(54.0)\xb0C\x00\x84\x06\x03\x00\xf9\x06\x03\x00\xf9\x06S\x00'
2019-01-10 22:01:09 INFO     b'\x151.0            23:03\x00[\x06\x03\x00\xf9\x06R\x00'
2019-01-10 22:01:10 INFO     b'\x12Brauchwassertemp.\x00F\x06\x03\x00\xf9\x063\x00'
2019-01-10 22:01:12 INFO     b'\x009\x06\x03\x00\xfa\x00\xfa\x00\xfa\x00\xfa\x00\xf5\x05\x06E\x00\xf5\x01\x01\xb0\x06\x03\x00\xf5\x06U\x00'
2019-01-10 22:01:12 INFO     b'\x02C+5\x06\x03\x00\xf9\x06\x03\x00\xfa\x00\xf9\x06\xff\x00'
2019-01-10 22:01:12 INFO     b'\x00\xf5\x06\x03\x00\xf1\x06\xa1\x00'
2019-01-10 22:01:13 INFO     b'\x01J\xe0\x06\x03\x00\xf9\x06\x03A\xc9\x06q\x00'
2019-01-10 22:01:13 INFO     b'\x01\x00z\x05\x06qA\xc9\x10\x02\x00\x00\xd3\x05\x00\x00\xe2y\x14\x01'
2019-01-10 22:01:13 INFO     b'\x07\x002\xec`\x06\x03A\xc9\x06e\x00'
2019-01-10 22:01:13 INFO     b'\x01\x00n\x05\x06eA\xc9\x13\x16\x00\xd9\xff\xf1\xff1\x01|\x02\x00\x88\x0b%\x01\x80t\x01 \xfc\x06\x03A\xc9\x06r\x00'
2019-01-10 22:01:13 INFO     b'\x02\x05\x11n\x05\x06rA\xc9\x01\x0b\xf0\x06\x03\x00\xf9\x06\x03\x00\xf9\x06\x03\x00\xf9\x06\x03\x00\xf9\x06P\x00'
2019-01-10 22:01:14 INFO     b'\x03\xa0\x00\x88q\x06\x03\x00\xfa\x00\xfa\x00\xf5\x06U\x00'
2019-01-10 22:01:14 INFO     b'\x02C+5\x06\x03\x00\xf9\x06\x03\x00\xfa\x00\xf9\x06\xff\x00'
2019-01-10 22:01:14 INFO     b'\x00\xf5\x06\x03\x00\xf1\x06\xa1\x00'
2019-01-10 22:01:14 INFO     b'\x01J\xe0\x06\x03\x00\xf9\x06Q\x00'
2019-01-10 22:01:15 INFO     b'\x0e 52.5(54.0)\xb0C\x00\x84\x06\x03\x00\xf9\x06\x03\x00\xf9\x06S\x00'
2019-01-10 22:01:15 INFO     b'\x151.0            23:03\x00[\x06\x03\x00\xf9\x06R\x00'
2019-01-10 22:01:17 INFO     b'\x12Brauchwassertemp.\x00F\x06\x03\x00\xfa\x00\xfa\x00\xfa\x00\xfa\x00\xf5\x06U\x00'
2019-01-10 22:01:17 INFO     b'\x02C+5\x06\x03\x00\xf9\x06\x03\x00\xfa\x00\xf9\x06\xff\x00'
2019-01-10 22:01:18 INFO     b'\x00\xf5\x06\x03\x00\xf1\x06\xa1\x00'
2019-01-10 22:01:18 INFO     b'\x01J\xe0\x06\x03\x00\xf5\x06U\x00'
2019-01-10 22:01:18 INFO     b'\x02C+5\x06\x03\x00\xf9\x06\x03\x00\xfa\x00\xf9\x06\xff\x00'
2019-01-10 22:01:18 INFO     b'\x00\xf5\x06\x03\x00\xf9\x06\x03A\xc9\x06q\x00'
2019-01-10 22:01:18 INFO     b'\x01\x00z\x05\x06qA\xc9\x10\x02\x00\x00\xd3\x05\x00\x00\xe2y\x14\x01'
2019-01-10 22:01:18 INFO     b'\x07\x002\xec`\x06\x03A\xc9\x06e\x00'
2019-01-10 22:01:18 INFO     b'\x01\x00n\x05\x06eA\xc9\x13\x16\x00\xd7\xff\xf0\xff1\x01|\x02\x00\x88\x0b%\x01\x80t\x01 \xf3\x06\x03A\xc9\x06r\x00'
2019-01-10 22:01:18 INFO     b'\x02\x05\x11n\x05\x06rA\xc9\x01\x0b\xf0\x06\x03\x00\xf9\x06\x03\x00\xf9\x06\x03\x00\xf9\x06\x03\x00\xf9\x06P\x00'
2019-01-10 22:01:20 INFO     b'\x03\xa0\x00\x88q\x06\x03\x00\xfa\x00\xfa\x00\xf5\x06U\x00'
2019-01-10 22:01:20 INFO     b'\x02C+5\x06\x03\x00\xf9\x06\x03\x00\xfa\x00\xf9\x06\xff\x00'
2019-01-10 22:01:20 INFO     b'\x00\xf5\x06\x03\x00\xf1\x06\xa1\x00'
2019-01-10 22:01:20 INFO     b'\x01J\xe0\x06\x03\x00\xf9\x06Q\x00'
2019-01-10 22:01:20 INFO     b'\x0e 52.5(54.0)\xb0C\x00\x84\x06\x03\x00\xf9\x06\x03\x00\xf9\x06S\x00'
2019-01-10 22:01:20 INFO     b'\x151.0            23:03\x00[\x06\x03\x00\xf9\x06R\x00'
